<?xml version="1.0" encoding="UTF-8" ?>
<testsuite failures="0" time="0.044" errors="0" skipped="0" tests="3" name="com.greenland.memorycards.repository.JdbcUserDaoTest">
  <properties>
    <property name="java.runtime.name" value="Java(TM) SE Runtime Environment"/>
    <property name="sun.boot.library.path" value="/usr/lib/jvm/java-6-sun-1.6.0.26/jre/lib/i386"/>
    <property name="java.vm.version" value="20.1-b02"/>
    <property name="java.vm.vendor" value="Sun Microsystems Inc."/>
    <property name="java.vendor.url" value="http://java.sun.com/"/>
    <property name="path.separator" value=":"/>
    <property name="java.vm.name" value="Java HotSpot(TM) Server VM"/>
    <property name="file.encoding.pkg" value="sun.io"/>
    <property name="user.country" value="GB"/>
    <property name="sun.java.launcher" value="SUN_STANDARD"/>
    <property name="sun.os.patch.level" value="unknown"/>
    <property name="java.vm.specification.name" value="Java Virtual Machine Specification"/>
    <property name="user.dir" value="/home/jurijspe/NetBeansProjects/MemoryCards"/>
    <property name="java.runtime.version" value="1.6.0_26-b03"/>
    <property name="netbeans.deploy" value="true"/>
    <property name="java.awt.graphicsenv" value="sun.awt.X11GraphicsEnvironment"/>
    <property name="basedir" value="/home/jurijspe/NetBeansProjects/MemoryCards"/>
    <property name="java.endorsed.dirs" value="/usr/lib/jvm/java-6-sun-1.6.0.26/jre/lib/endorsed"/>
    <property name="os.arch" value="i386"/>
    <property name="surefire.real.class.path" value="/home/jurijspe/NetBeansProjects/MemoryCards/target/surefire/surefirebooter2124517536210569516.jar"/>
    <property name="java.io.tmpdir" value="/tmp"/>
    <property name="line.separator" value="
"/>
    <property name="java.vm.specification.vendor" value="Sun Microsystems Inc."/>
    <property name="os.name" value="Linux"/>
    <property name="sun.jnu.encoding" value="UTF-8"/>
    <property name="java.library.path" value="/usr/lib/jvm/java-6-sun-1.6.0.26/jre/lib/i386/server:/usr/lib/jvm/java-6-sun-1.6.0.26/jre/lib/i386:/usr/lib/jvm/java-6-sun-1.6.0.26/jre/../lib/i386:/usr/lib/jvm/java-6-sun-1.6.0.26/jre/lib/i386/client:/usr/lib/jvm/java-6-sun-1.6.0.26/jre/lib/i386:/usr/lib/jvm/java-6-sun-1.6.0.26/jre/../lib/i386:/usr/java/packages/lib/i386:/lib:/usr/lib"/>
    <property name="surefire.test.class.path" value="/home/jurijspe/NetBeansProjects/MemoryCards/target/test-classes:/home/jurijspe/NetBeansProjects/MemoryCards/target/classes:/home/jurijspe/.m2/repository/org/springframework/spring-context/3.1.0.M2/spring-context-3.1.0.M2.jar:/home/jurijspe/.m2/repository/org/springframework/spring-aop/3.1.0.M2/spring-aop-3.1.0.M2.jar:/home/jurijspe/.m2/repository/org/springframework/spring-beans/3.1.0.M2/spring-beans-3.1.0.M2.jar:/home/jurijspe/.m2/repository/org/springframework/spring-core/3.1.0.M2/spring-core-3.1.0.M2.jar:/home/jurijspe/.m2/repository/org/springframework/spring-expression/3.1.0.M2/spring-expression-3.1.0.M2.jar:/home/jurijspe/.m2/repository/org/springframework/spring-asm/3.1.0.M2/spring-asm-3.1.0.M2.jar:/home/jurijspe/.m2/repository/org/springframework/spring-jdbc/3.1.0.M2/spring-jdbc-3.1.0.M2.jar:/home/jurijspe/.m2/repository/org/springframework/spring-tx/3.1.0.M2/spring-tx-3.1.0.M2.jar:/home/jurijspe/.m2/repository/aopalliance/aopalliance/1.0/aopalliance-1.0.jar:/home/jurijspe/.m2/repository/org/springframework/spring-webmvc/3.1.0.M2/spring-webmvc-3.1.0.M2.jar:/home/jurijspe/.m2/repository/org/springframework/spring-context-support/3.1.0.M2/spring-context-support-3.1.0.M2.jar:/home/jurijspe/.m2/repository/org/springframework/spring-web/3.1.0.M2/spring-web-3.1.0.M2.jar:/home/jurijspe/.m2/repository/javax/servlet/servlet-api/2.5/servlet-api-2.5.jar:/home/jurijspe/.m2/repository/javax/servlet/jsp/jsp-api/2.1/jsp-api-2.1.jar:/home/jurijspe/.m2/repository/javax/servlet/jstl/1.2/jstl-1.2.jar:/home/jurijspe/.m2/repository/commons-pool/commons-pool/1.5.4/commons-pool-1.5.4.jar:/home/jurijspe/.m2/repository/commons-dbcp/commons-dbcp/1.3/commons-dbcp-1.3.jar:/home/jurijspe/.m2/repository/mysql/mysql-connector-java/5.1.15/mysql-connector-java-5.1.15.jar:/home/jurijspe/.m2/repository/hsqldb/hsqldb/1.8.0.10/hsqldb-1.8.0.10.jar:/home/jurijspe/.m2/repository/junit/junit/4.8.1/junit-4.8.1.jar:/home/jurijspe/.m2/repository/org/jmock/jmock-junit4/2.5.1/jmock-junit4-2.5.1.jar:/home/jurijspe/.m2/repository/org/jmock/jmock/2.5.1/jmock-2.5.1.jar:/home/jurijspe/.m2/repository/org/hamcrest/hamcrest-core/1.1/hamcrest-core-1.1.jar:/home/jurijspe/.m2/repository/org/hamcrest/hamcrest-library/1.1/hamcrest-library-1.1.jar:/home/jurijspe/.m2/repository/junit/junit-dep/4.4/junit-dep-4.4.jar:/home/jurijspe/.m2/repository/org/easymock/easymock/2.3/easymock-2.3.jar:/home/jurijspe/.m2/repository/org/springframework/spring-test/2.5.1/spring-test-2.5.1.jar:/home/jurijspe/.m2/repository/commons-logging/commons-logging/1.1/commons-logging-1.1.jar:"/>
    <property name="java.specification.name" value="Java Platform API Specification"/>
    <property name="java.class.version" value="50.0"/>
    <property name="sun.management.compiler" value="HotSpot Tiered Compilers"/>
    <property name="os.version" value="2.6.32-33-generic"/>
    <property name="user.home" value="/home/jurijspe"/>
    <property name="user.timezone" value="Europe/Dublin"/>
    <property name="java.awt.printerjob" value="sun.print.PSPrinterJob"/>
    <property name="java.specification.version" value="1.6"/>
    <property name="file.encoding" value="UTF-8"/>
    <property name="user.name" value="jurijspe"/>
    <property name="java.class.path" value="/home/jurijspe/NetBeansProjects/MemoryCards/target/test-classes:/home/jurijspe/NetBeansProjects/MemoryCards/target/classes:/home/jurijspe/.m2/repository/org/springframework/spring-context/3.1.0.M2/spring-context-3.1.0.M2.jar:/home/jurijspe/.m2/repository/org/springframework/spring-aop/3.1.0.M2/spring-aop-3.1.0.M2.jar:/home/jurijspe/.m2/repository/org/springframework/spring-beans/3.1.0.M2/spring-beans-3.1.0.M2.jar:/home/jurijspe/.m2/repository/org/springframework/spring-core/3.1.0.M2/spring-core-3.1.0.M2.jar:/home/jurijspe/.m2/repository/org/springframework/spring-expression/3.1.0.M2/spring-expression-3.1.0.M2.jar:/home/jurijspe/.m2/repository/org/springframework/spring-asm/3.1.0.M2/spring-asm-3.1.0.M2.jar:/home/jurijspe/.m2/repository/org/springframework/spring-jdbc/3.1.0.M2/spring-jdbc-3.1.0.M2.jar:/home/jurijspe/.m2/repository/org/springframework/spring-tx/3.1.0.M2/spring-tx-3.1.0.M2.jar:/home/jurijspe/.m2/repository/aopalliance/aopalliance/1.0/aopalliance-1.0.jar:/home/jurijspe/.m2/repository/org/springframework/spring-webmvc/3.1.0.M2/spring-webmvc-3.1.0.M2.jar:/home/jurijspe/.m2/repository/org/springframework/spring-context-support/3.1.0.M2/spring-context-support-3.1.0.M2.jar:/home/jurijspe/.m2/repository/org/springframework/spring-web/3.1.0.M2/spring-web-3.1.0.M2.jar:/home/jurijspe/.m2/repository/javax/servlet/servlet-api/2.5/servlet-api-2.5.jar:/home/jurijspe/.m2/repository/javax/servlet/jsp/jsp-api/2.1/jsp-api-2.1.jar:/home/jurijspe/.m2/repository/javax/servlet/jstl/1.2/jstl-1.2.jar:/home/jurijspe/.m2/repository/commons-pool/commons-pool/1.5.4/commons-pool-1.5.4.jar:/home/jurijspe/.m2/repository/commons-dbcp/commons-dbcp/1.3/commons-dbcp-1.3.jar:/home/jurijspe/.m2/repository/mysql/mysql-connector-java/5.1.15/mysql-connector-java-5.1.15.jar:/home/jurijspe/.m2/repository/hsqldb/hsqldb/1.8.0.10/hsqldb-1.8.0.10.jar:/home/jurijspe/.m2/repository/junit/junit/4.8.1/junit-4.8.1.jar:/home/jurijspe/.m2/repository/org/jmock/jmock-junit4/2.5.1/jmock-junit4-2.5.1.jar:/home/jurijspe/.m2/repository/org/jmock/jmock/2.5.1/jmock-2.5.1.jar:/home/jurijspe/.m2/repository/org/hamcrest/hamcrest-core/1.1/hamcrest-core-1.1.jar:/home/jurijspe/.m2/repository/org/hamcrest/hamcrest-library/1.1/hamcrest-library-1.1.jar:/home/jurijspe/.m2/repository/junit/junit-dep/4.4/junit-dep-4.4.jar:/home/jurijspe/.m2/repository/org/easymock/easymock/2.3/easymock-2.3.jar:/home/jurijspe/.m2/repository/org/springframework/spring-test/2.5.1/spring-test-2.5.1.jar:/home/jurijspe/.m2/repository/commons-logging/commons-logging/1.1/commons-logging-1.1.jar:"/>
    <property name="java.vm.specification.version" value="1.0"/>
    <property name="sun.arch.data.model" value="32"/>
    <property name="java.home" value="/usr/lib/jvm/java-6-sun-1.6.0.26/jre"/>
    <property name="sun.java.command" value="/home/jurijspe/NetBeansProjects/MemoryCards/target/surefire/surefirebooter2124517536210569516.jar /home/jurijspe/NetBeansProjects/MemoryCards/target/surefire/surefire147215546572275734tmp /home/jurijspe/NetBeansProjects/MemoryCards/target/surefire/surefire2315903924015194972tmp"/>
    <property name="java.specification.vendor" value="Sun Microsystems Inc."/>
    <property name="user.language" value="en"/>
    <property name="java.vm.info" value="mixed mode"/>
    <property name="java.version" value="1.6.0_26"/>
    <property name="java.ext.dirs" value="/usr/lib/jvm/java-6-sun-1.6.0.26/jre/lib/ext:/usr/java/packages/lib/ext"/>
    <property name="sun.boot.class.path" value="/usr/lib/jvm/java-6-sun-1.6.0.26/jre/lib/resources.jar:/usr/lib/jvm/java-6-sun-1.6.0.26/jre/lib/rt.jar:/usr/lib/jvm/java-6-sun-1.6.0.26/jre/lib/sunrsasign.jar:/usr/lib/jvm/java-6-sun-1.6.0.26/jre/lib/jsse.jar:/usr/lib/jvm/java-6-sun-1.6.0.26/jre/lib/jce.jar:/usr/lib/jvm/java-6-sun-1.6.0.26/jre/lib/charsets.jar:/usr/lib/jvm/java-6-sun-1.6.0.26/jre/lib/modules/jdk.boot.jar:/usr/lib/jvm/java-6-sun-1.6.0.26/jre/classes"/>
    <property name="java.vendor" value="Sun Microsystems Inc."/>
    <property name="localRepository" value="/home/jurijspe/.m2/repository"/>
    <property name="file.separator" value="/"/>
    <property name="java.vendor.url.bug" value="http://java.sun.com/cgi-bin/bugreport.cgi"/>
    <property name="sun.cpu.endian" value="little"/>
    <property name="sun.io.unicode.encoding" value="UnicodeLittle"/>
    <property name="sun.desktop" value="gnome"/>
    <property name="sun.cpu.isalist" value=""/>
  </properties>
  <testcase time="0.032" classname="com.greenland.memorycards.repository.JdbcUserDaoTest" name="testGetUser"/>
  <testcase time="0.007" classname="com.greenland.memorycards.repository.JdbcUserDaoTest" name="testInvalidUser"/>
  <testcase time="0.004" classname="com.greenland.memorycards.repository.JdbcUserDaoTest" name="testGetAllUsers"/>
</testsuite>